# JRE version: Java(TM) SE Runtime Environment (17.0.1+12) (build 17.0.1+12-LTS-39)
# Java VM: Java HotSpot(TM) 64-Bit Server VM (17.0.1+12-LTS-39, mixed mode, sharing, tiered, compressed oops, compressed class ptrs, g1 gc, windows-amd64)
GC Precious Log:
 CPUs: 4 total, 4 available
 Memory: 8083M
 Large Page Support: Disabled
 NUMA Support: Disabled
 Compressed Oops: Enabled (32-bit)
 Heap Region Size: 1M
 Heap Min Capacity: 8M
 Heap Initial Capacity: 128M
 Heap Max Capacity: 2022M
 Pre-touch: Disabled
 Parallel Workers: 4
 Concurrent Workers: 1
 Concurrent Refinement Workers: 4
 Periodic GC: Disabled
Heap:
 garbage-first heap   total 122880K, used 84992K [0x0000000081a00000, 0x0000000100000000)
  region size 1024K, 30 young (30720K), 4 survivors (4096K)
 Metaspace       used 33018K, committed 33472K, reserved 1081344K
  class space    used 4535K, committed 4800K, reserved 1048576K
GC Heap History (20 events):
Event: 19.150 GC heap before
{Heap before GC invocations=7 (full 0):
 garbage-first heap   total 65536K, used 52800K [0x0000000081a00000, 0x0000000100000000)
  region size 1024K, 38 young (38912K), 3 survivors (3072K)
 Metaspace       used 28669K, committed 29120K, reserved 1081344K
  class space    used 4002K, committed 4224K, reserved 1048576K
}
Event: 19.163 GC heap after
{Heap after GC invocations=8 (full 0):
 garbage-first heap   total 65536K, used 24335K [0x0000000081a00000, 0x0000000100000000)
  region size 1024K, 5 young (5120K), 5 survivors (5120K)
 Metaspace       used 28669K, committed 29120K, reserved 1081344K
  class space    used 4002K, committed 4224K, reserved 1048576K
}
Event: 19.263 GC heap before
{Heap before GC invocations=8 (full 0):
 garbage-first heap   total 65536K, used 25359K [0x0000000081a00000, 0x0000000100000000)
  region size 1024K, 6 young (6144K), 5 survivors (5120K)
 Metaspace       used 28763K, committed 29184K, reserved 1081344K
  class space    used 4009K, committed 4224K, reserved 1048576K
}
Event: 19.274 GC heap after
{Heap after GC invocations=9 (full 0):
 garbage-first heap   total 65536K, used 25412K [0x0000000081a00000, 0x0000000100000000)
  region size 1024K, 1 young (1024K), 1 survivors (1024K)
 Metaspace       used 28763K, committed 29184K, reserved 1081344K
  class space    used 4009K, committed 4224K, reserved 1048576K
}
Event: 19.922 GC heap before
{Heap before GC invocations=9 (full 0):
 garbage-first heap   total 65536K, used 46916K [0x0000000081a00000, 0x0000000100000000)
  region size 1024K, 22 young (22528K), 1 survivors (1024K)
 Metaspace       used 29472K, committed 29952K, reserved 1081344K
  class space    used 4128K, committed 4352K, reserved 1048576K
}
Event: 19.936 GC heap after
{Heap after GC invocations=10 (full 0):
 garbage-first heap   total 65536K, used 37888K [0x0000000081a00000, 0x0000000100000000)
  region size 1024K, 3 young (3072K), 3 survivors (3072K)
 Metaspace       used 29472K, committed 29952K, reserved 1081344K
  class space    used 4128K, committed 4352K, reserved 1048576K
}
Event: 20.111 GC heap before
{Heap before GC invocations=10 (full 0):
 garbage-first heap   total 65536K, used 45056K [0x0000000081a00000, 0x0000000100000000)
  region size 1024K, 11 young (11264K), 3 survivors (3072K)
 Metaspace       used 29557K, committed 30016K, reserved 1081344K
  class space    used 4129K, committed 4352K, reserved 1048576K
}
Event: 20.132 GC heap after
{Heap after GC invocations=11 (full 0):
 garbage-first heap   total 65536K, used 44160K [0x0000000081a00000, 0x0000000100000000)
  region size 1024K, 2 young (2048K), 2 survivors (2048K)
 Metaspace       used 29557K, committed 30016K, reserved 1081344K
  class space    used 4129K, committed 4352K, reserved 1048576K
}
Event: 20.399 GC heap before
{Heap before GC invocations=12 (full 0):
 garbage-first heap   total 80896K, used 47232K [0x0000000081a00000, 0x0000000100000000)
  region size 1024K, 6 young (6144K), 2 survivors (2048K)
 Metaspace       used 30324K, committed 30656K, reserved 1081344K
  class space    used 4218K, committed 4352K, reserved 1048576K
}
Event: 20.404 GC heap after
{Heap after GC invocations=13 (full 0):
 garbage-first heap   total 80896K, used 45827K [0x0000000081a00000, 0x0000000100000000)
  region size 1024K, 1 young (1024K), 1 survivors (1024K)
 Metaspace       used 30324K, committed 30656K, reserved 1081344K
  class space    used 4218K, committed 4352K, reserved 1048576K
}
Event: 20.555 GC heap before
{Heap before GC invocations=13 (full 0):
 garbage-first heap   total 80896K, used 56067K [0x0000000081a00000, 0x0000000100000000)
  region size 1024K, 12 young (12288K), 1 survivors (1024K)
 Metaspace       used 30532K, committed 30976K, reserved 1081344K
  class space    used 4238K, committed 4480K, reserved 1048576K
}
Event: 20.559 GC heap after
{Heap after GC invocations=14 (full 0):
 garbage-first heap   total 80896K, used 50176K [0x0000000081a00000, 0x0000000100000000)
  region size 1024K, 2 young (2048K), 2 survivors (2048K)
 Metaspace       used 30532K, committed 30976K, reserved 1081344K
  class space    used 4238K, committed 4480K, reserved 1048576K
}
Event: 20.675 GC heap before
{Heap before GC invocations=14 (full 0):
 garbage-first heap   total 80896K, used 59392K [0x0000000081a00000, 0x0000000100000000)
  region size 1024K, 11 young (11264K), 2 survivors (2048K)
 Metaspace       used 30550K, committed 30976K, reserved 1081344K
  class space    used 4238K, committed 4480K, reserved 1048576K
}
Event: 20.683 GC heap after
{Heap after GC invocations=15 (full 0):
 garbage-first heap   total 122880K, used 51697K [0x0000000081a00000, 0x0000000100000000)
  region size 1024K, 2 young (2048K), 2 survivors (2048K)
 Metaspace       used 30550K, committed 30976K, reserved 1081344K
  class space    used 4238K, committed 4480K, reserved 1048576K
}
Event: 20.865 GC heap before
{Heap before GC invocations=16 (full 0):
 garbage-first heap   total 122880K, used 80369K [0x0000000081a00000, 0x0000000100000000)
  region size 1024K, 30 young (30720K), 2 survivors (2048K)
 Metaspace       used 30550K, committed 30976K, reserved 1081344K
  class space    used 4238K, committed 4480K, reserved 1048576K
}
Event: 20.873 GC heap after
{Heap after GC invocations=17 (full 0):
 garbage-first heap   total 122880K, used 55468K [0x0000000081a00000, 0x0000000100000000)
  region size 1024K, 4 young (4096K), 4 survivors (4096K)
 Metaspace       used 30550K, committed 30976K, reserved 1081344K
  class space    used 4238K, committed 4480K, reserved 1048576K
}
Event: 20.879 GC heap before
{Heap before GC invocations=17 (full 0):
 garbage-first heap   total 122880K, used 57516K [0x0000000081a00000, 0x0000000100000000)
  region size 1024K, 6 young (6144K), 4 survivors (4096K)
 Metaspace       used 30550K, committed 30976K, reserved 1081344K
  class space    used 4238K, committed 4480K, reserved 1048576K
}
Event: 20.884 GC heap after
{Heap after GC invocations=18 (full 0):
 garbage-first heap   total 122880K, used 53358K [0x0000000081a00000, 0x0000000100000000)
  region size 1024K, 1 young (1024K), 1 survivors (1024K)
 Metaspace       used 30550K, committed 30976K, reserved 1081344K
  class space    used 4238K, committed 4480K, reserved 1048576K
}
Event: 21.789 GC heap before
{Heap before GC invocations=18 (full 0):
 garbage-first heap   total 122880K, used 84078K [0x0000000081a00000, 0x0000000100000000)
  region size 1024K, 31 young (31744K), 1 survivors (1024K)
 Metaspace       used 31972K, committed 32448K, reserved 1081344K
  class space    used 4410K, committed 4672K, reserved 1048576K
}
Event: 21.799 GC heap after
{Heap after GC invocations=19 (full 0):
 garbage-first heap   total 122880K, used 59392K [0x0000000081a00000, 0x0000000100000000)
  region size 1024K, 4 young (4096K), 4 survivors (4096K)
 Metaspace       used 31972K, committed 32448K, reserved 1081344K
  class space    used 4410K, committed 4672K, reserved 1048576K
}

